   1,  60,  64,   0,      54
   2,  60,   0,   0,       6
   1,  62,  64,   0,      54
   2,  62,   0,   0,       6
   1,  64,  64,   0,      54
   2,  64,   0,   0,       6
   1,  65,  64,   0,      54
   2,  65,   0,   0,       6
   1,  67,  64,   0,      54
   2,  67,   0,   0,       6
   1,  69,  64,   0,      54
   2,  69,   0,   0,       6
   1,  71,  64,   0,      54
   2,  71,   0,   0,       6
   1,  72,  64,   0,      54
   2,  72,   0,   0,       6
   1,  84,  64,   0,      54
   2,  84,   0,   0,       6
   1,  62,  64,   0,      54
   2,  62,   0,   0,       6
   1,  64,  64,   0,      54
   2,  64,   0,   0,       6
   1,  65,  64,   0,      54
   2,  65,   0,   0,       6
   1,  67,  64,   0,      54
   2,  67,   0,   0,       6
   1,  69,  64,   0,      54
   2,  69,   0,   0,       6
   1,  71,  64,   0,      54
   2,  71,   0,   0,       6
   1,  72,  64,   0,      54
   2,  72,   0,   0,       6
